# Preference setting overrides
gui_create_pref_key -category {Globals} -key {load_detail_for_funcov} -value_type {bool} -value {false}

# State setting overrides
gui_state_default_create -off -ini
gui_set_state_value -category Globals -key recent_databases -value {{gui_open_db -file sim/counter_testbench.vpd} {gui_open_db -file sim/adder_testbench.vpd}}
gui_set_state_value -category Layout -key child_console_size_x -value 271
gui_set_state_value -category Layout -key child_console_size_y -value 179
gui_set_state_value -category Layout -key child_data_size_x -value 174
gui_set_state_value -category Layout -key child_data_size_y -value 847
gui_set_state_value -category Layout -key child_driver_docknewline -value true
gui_set_state_value -category Layout -key child_driver_size_x -value 1279
gui_set_state_value -category Layout -key child_driver_size_y -value 179
gui_set_state_value -category Layout -key child_hier_col3 -value {-1}
gui_set_state_value -category Layout -key child_hier_colhier -value 196
gui_set_state_value -category Layout -key child_hier_colpd -value 0
gui_set_state_value -category Layout -key child_hier_coltype -value 10
gui_set_state_value -category Layout -key child_hier_size_x -value 214
gui_set_state_value -category Layout -key child_hier_size_y -value 847
gui_set_state_value -category Layout -key child_source_docknewline -value false
gui_set_state_value -category Layout -key child_source_pos_x -value {-2}
gui_set_state_value -category Layout -key child_source_pos_y -value {-15}
gui_set_state_value -category Layout -key child_source_size_x -value 1282
gui_set_state_value -category Layout -key child_source_size_y -value 436
gui_set_state_value -category Layout -key child_wave_colname -value 197
gui_set_state_value -category Layout -key child_wave_colvalue -value 169
gui_set_state_value -category Layout -key child_wave_left -value 370
gui_set_state_value -category Layout -key child_wave_right -value 904
gui_set_state_value -category Layout -key main_pos_x -value 6
gui_set_state_value -category Layout -key main_pos_y -value 53
gui_set_state_value -category Layout -key main_size_x -value 1285
gui_set_state_value -category Layout -key main_size_y -value 999
gui_set_state_value -category Layout -key stand_wave_child_docknewline -value false
gui_set_state_value -category Layout -key stand_wave_child_pos_x -value {-2}
gui_set_state_value -category Layout -key stand_wave_child_pos_y -value {-15}
gui_set_state_value -category Layout -key stand_wave_child_size_x -value 1284
gui_set_state_value -category Layout -key stand_wave_child_size_y -value 842
gui_set_state_value -category Layout -key stand_wave_top_pos_x -value 101
gui_set_state_value -category Layout -key stand_wave_top_pos_y -value 229
gui_set_state_value -category Layout -key stand_wave_top_size_x -value 1380
gui_set_state_value -category Layout -key stand_wave_top_size_y -value 1175
gui_create_state_key -category FindDialog -key m_pMatchCase -value_type bool -value false
gui_create_state_key -category FindDialog -key m_pMatchWord -value_type bool -value false
gui_create_state_key -category FindDialog -key m_pUseCombo -value_type string -value {}
gui_create_state_key -category FindDialog -key m_pWrapAround -value_type bool -value true
gui_state_default_create -off

# Begin command logging
gui_open_db -file sim/counter_testbench.vpd
gui_open_window Wave
gui_list_add -id Wave.1 -from Source.1 { counter_testbench } -insertionbar
gui_list_select -id Wave.1 -selected  { {counter_testbench.unnamed$$_0}   }
gui_list_expand -id  Wave.1   {counter_testbench.unnamed$$_0}
gui_list_collapse -id  Wave.1   {counter_testbench.unnamed$$_0}
gui_list_expand -id  Wave.1   {counter_testbench.unnamed$$_0}
gui_list_select -id Wave.1 -selected  { counter_testbench.clock   }
gui_list_expand -id  Wave.1   {counter_testbench.LEDS[3:0]}
gui_list_select -id Wave.1 -selected  { {counter_testbench.LEDS[3]}   }
gui_list_collapse -id  Wave.1   {counter_testbench.LEDS[3:0]}
gui_wv_scroll_hslidermove -id  Wave.1 0
gui_list_expand -id  Wave.1   {counter_testbench.LEDS[3:0]}
gui_wv_scroll_hslidermove -id  Wave.1 0
gui_list_select -id Wave.1 -selected  {  }
gui_set_pref_value -category {Hier} -key {showScopeExplore} -value {false}
gui_set_pref_value -category {Hier} -key {showScopeExplore} -value {true}
gui_save_session -reload -default_file
gui_set_pref_value -category {Globals} -key {use_mhpi_lookup} -value {false}
gui_set_pref_value -category {Globals} -key {use_mhpi_lookup} -value {true}
gui_wv_scroll_hslidermove -id  Wave.1 0
gui_update_design -all
gui_save_session -reload -default_file
gui_set_pref_value -category {Globals} -key {use_mhpi_lookup} -value {false}
gui_set_pref_value -category {Globals} -key {use_mhpi_lookup} -value {true}
gui_wv_scroll_hslidermove -id  Wave.1 0
gui_marker_move -id  Wave.1 C1 10
gui_list_select -id Wave.1 -selected  { {counter_testbench.LEDS[3]}   }
gui_list_action -id  Wave.1 {counter_testbench.LEDS[3]}
gui_get_drivers -id Wave.1 -signal {counter_testbench.LEDS[3]}
gui_list_select -id Hier.1 -current_item_name counter_testbench -current_item_type Scope  -selected  {  }
gui_save_session -reload -default_file
gui_set_pref_value -category {Globals} -key {use_mhpi_lookup} -value {false}
gui_set_pref_value -category {Globals} -key {use_mhpi_lookup} -value {true}
gui_marker_move -id  Wave.1 C1 1
gui_marker_select -id  Wave.1 { C1 }
gui_marker_move -id  Wave.1 C1 0
gui_marker_move -id  Wave.1 C1 39
gui_marker_move -id  Wave.1 C1 0
gui_list_select -id Wave.1 -selected  { {counter_testbench.LEDS[3:0]}   }
gui_list_action -id  Wave.1 {counter_testbench.LEDS[3:0]}
gui_get_drivers -id Wave.1 -signal {counter_testbench.LEDS[3:0]}
gui_list_select -id Wave.1 -selected  {  }
gui_zoom -window Wave.1 -factor 2
gui_zoom -window Wave.1 -factor 2
gui_zoom -window Wave.1 -factor 2
gui_zoom -window Wave.1 -factor 2
gui_zoom -window Wave.1 -factor 2
gui_zoom -window Wave.1 -factor 2
gui_zoom -window Wave.1 -factor 2
gui_zoom -window Wave.1 -factor 2
gui_zoom -window Wave.1 -factor 2
gui_zoom -window Wave.1 -factor 2
gui_zoom -window Wave.1 -factor 2
gui_zoom -window Wave.1 -factor 2
gui_marker_move -id  Wave.1 C1 0
gui_marker_move -id  Wave.1 C1 0
gui_marker_move -id  Wave.1 C1 0
gui_marker_move -id  Wave.1 C1 0
gui_marker_move -id  Wave.1 C1 0
gui_marker_move -id  Wave.1 C1 0
gui_marker_move -id  Wave.1 C1 0
gui_marker_move -id  Wave.1 C1 0
gui_zoom -window Wave.1 -factor 0.5
gui_zoom -window Wave.1 -factor 0.5
gui_zoom -window Wave.1 -factor 0.5
gui_zoom -window Wave.1 -factor 0.5
gui_zoom -window Wave.1 -factor 0.5
gui_zoom -window Wave.1 -factor 0.5
gui_zoom -window Wave.1 -factor 0.5
gui_zoom -window Wave.1 -factor 0.5
gui_zoom -window Wave.1 -factor 0.5
gui_zoom -window Wave.1 -factor 0.5
gui_zoom -window Wave.1 -factor 0.5
gui_zoom -window Wave.1 -factor 0.5
gui_zoom -window Wave.1 -factor 0.5
gui_zoom -window Wave.1 -factor 0.5
gui_zoom -window Wave.1 -factor 0.5
gui_zoom -window Wave.1 -factor 0.5
gui_zoom -window Wave.1 -factor 0.5
gui_zoom -window Wave.1 -factor 0.5
gui_zoom -window Wave.1 -factor 0.5
gui_zoom -window Wave.1 -factor 0.5
gui_zoom -window Wave.1 -factor 0.5
gui_zoom -window Wave.1 -factor 0.5
gui_zoom -window Wave.1 -factor 0.5
gui_zoom -window Wave.1 -factor 0.5
gui_zoom -window Wave.1 -factor 0.5
gui_zoom -window Wave.1 -factor 0.5
gui_zoom -window Wave.1 -factor 0.5
gui_zoom -window Wave.1 -factor 0.5
gui_zoom -window Wave.1 -factor 0.5
gui_zoom -window Wave.1 -factor 0.5
gui_zoom -window Wave.1 -factor 0.5
gui_zoom -window Wave.1 -factor 0.5
gui_zoom -window Wave.1 -factor 0.5
gui_zoom -window Wave.1 -factor 0.5
gui_zoom -window Wave.1 -factor 0.5
gui_zoom -window Wave.1 -factor 0.5
gui_zoom -window Wave.1 -factor 0.5
gui_zoom -window Wave.1 -factor 0.5
gui_zoom -window Wave.1 -factor 0.5
gui_zoom -window Wave.1 -factor 0.5
gui_zoom -window Wave.1 -factor 2
gui_zoom -window Wave.1 -factor 2
gui_zoom -window Wave.1 -factor 2
gui_zoom -window Wave.1 -factor 2
gui_zoom -window Wave.1 -factor 2
gui_zoom -window Wave.1 -factor 2
gui_zoom -window Wave.1 -factor 2
gui_zoom -window Wave.1 -factor 2
gui_zoom -window Wave.1 -factor 2
gui_zoom -window Wave.1 -factor 2
gui_zoom -window Wave.1 -factor 2
gui_zoom -window Wave.1 -factor 2
gui_zoom -window Wave.1 -factor 2
gui_zoom -window Wave.1 -factor 2
gui_zoom -window Wave.1 -factor 2
gui_zoom -window Wave.1 -factor 2
gui_zoom -window Wave.1 -factor 2
gui_marker_move -id  Wave.1 C1 2339680
gui_save_session -reload -default_file
gui_set_pref_value -category {Globals} -key {use_mhpi_lookup} -value {false}
gui_set_pref_value -category {Globals} -key {use_mhpi_lookup} -value {true}
gui_marker_move -id  Wave.1 C1 4926643
gui_marker_move -id  Wave.1 C1 713200
gui_wv_scroll_hslidermove -id  Wave.1 0
gui_zoom -window Wave.1 -factor 0.5
gui_zoom -window Wave.1 -factor 0.5
gui_zoom -window Wave.1 -factor 0.5
gui_zoom -window Wave.1 -factor 0.5
gui_zoom -window Wave.1 -factor 0.5
gui_zoom -window Wave.1 -factor 0.5
gui_wv_scroll_hslidermove -id  Wave.1 0
gui_marker_move -id  Wave.1 C1 6086800
gui_marker_move -id  Wave.1 C1 316522534
gui_marker_move -id  Wave.1 C1 234957112
gui_marker_move -id  Wave.1 C1 172261302
gui_marker_move -id  Wave.1 C1 335392146
gui_save_session -reload -default_file
gui_set_pref_value -category {Globals} -key {use_mhpi_lookup} -value {false}
gui_set_pref_value -category {Globals} -key {use_mhpi_lookup} -value {true}
gui_marker_move -id  Wave.1 C1 257478907
gui_save_session -reload -default_file
gui_set_pref_value -category {Globals} -key {use_mhpi_lookup} -value {false}
gui_set_pref_value -category {Globals} -key {use_mhpi_lookup} -value {true}
gui_save_session -reload -default_file
gui_set_pref_value -category {Globals} -key {use_mhpi_lookup} -value {false}
gui_set_pref_value -category {Globals} -key {use_mhpi_lookup} -value {true}
gui_marker_move -id  Wave.1 C1 129652499
gui_marker_move -id  Wave.1 C1 237391900
gui_save_session -reload -default_file
gui_set_pref_value -category {Globals} -key {use_mhpi_lookup} -value {false}
gui_set_pref_value -category {Globals} -key {use_mhpi_lookup} -value {true}
gui_marker_move -id  Wave.1 C1 57826232
gui_save_session -reload -default_file
gui_set_pref_value -category {Globals} -key {use_mhpi_lookup} -value {false}
gui_set_pref_value -category {Globals} -key {use_mhpi_lookup} -value {true}
gui_marker_move -id  Wave.1 C1 308609470
gui_save_session -reload -default_file
gui_set_pref_value -category {Globals} -key {use_mhpi_lookup} -value {false}
gui_set_pref_value -category {Globals} -key {use_mhpi_lookup} -value {true}
gui_marker_move -id  Wave.1 C1 57217535
gui_marker_move -id  Wave.1 C1 8521600
gui_marker_move -id  Wave.1 C1 257478907
gui_marker_move -id  Wave.1 C1 228261200
gui_wv_scroll_hslidermove -id  Wave.1 0
gui_marker_move -id  Wave.1 C1 302522499
gui_marker_move -id  Wave.1 C1 23130493
gui_list_collapse -id  Wave.1   {counter_testbench.LEDS[3:0]}
gui_list_select -id Wave.1 -selected  { counter_testbench.clock   }
gui_list_action -id  Wave.1 counter_testbench.clock
gui_get_drivers -id Wave.1 -signal counter_testbench.clock
gui_list_select -id Wave.1 -selected  {  }
gui_list_expand -id  Wave.1   {counter_testbench.LEDS[3:0]}
gui_save_session -reload -default_file
gui_set_pref_value -category {Globals} -key {use_mhpi_lookup} -value {false}
gui_set_pref_value -category {Globals} -key {use_mhpi_lookup} -value {true}
gui_update_design -all
gui_update_design -all
gui_update_design -all
gui_marker_move -id  Wave.1 C1 106522007
gui_marker_move -id  Wave.1 C1 298870316
gui_save_session -reload -default_file
gui_set_pref_value -category {Globals} -key {use_mhpi_lookup} -value {false}
gui_set_pref_value -category {Globals} -key {use_mhpi_lookup} -value {true}
gui_zoom -window Wave.1 -factor 0.5
gui_zoom -window Wave.1 -factor 0.5
gui_zoom -window Wave.1 -factor 0.5
gui_zoom -window Wave.1 -factor 0.5
gui_zoom -window Wave.1 -factor 0.5
gui_marker_move -id  Wave.1 C1 7012191504
gui_marker_move -id  Wave.1 C1 5707144752
gui_marker_move -id  Wave.1 C1 4850098800
gui_marker_move -id  Wave.1 C1 4148879600
gui_marker_move -id  Wave.1 C1 2493223600
gui_marker_move -id  Wave.1 C1 4616359407
gui_marker_move -id  Wave.1 C1 5804536301
gui_marker_move -id  Wave.1 C1 7810802203
gui_marker_move -id  Wave.1 C1 5492883345
gui_marker_move -id  Wave.1 C1 3467139133
gui_marker_move -id  Wave.1 C1 8823674309
gui_save_session -reload -default_file
gui_set_pref_value -category {Globals} -key {use_mhpi_lookup} -value {false}
gui_set_pref_value -category {Globals} -key {use_mhpi_lookup} -value {true}
gui_marker_move -id  Wave.1 C1 1908874354
gui_marker_move -id  Wave.1 C1 3837227018
gui_marker_move -id  Wave.1 C1 2921746460
gui_marker_move -id  Wave.1 C1 1811482805
gui_update_design -all
gui_update_design -all
gui_update_design -all
gui_update_design -all
gui_update_design -all
gui_marker_move -id  Wave.1 C1 4830620814
gui_zoom -window Wave.1 -factor 0.5
gui_zoom -window Wave.1 -factor 0.5
gui_zoom -window Wave.1 -factor 0.5
gui_update_design -all
gui_update_design -all
gui_save_session -reload -default_file
gui_set_pref_value -category {Globals} -key {use_mhpi_lookup} -value {false}
gui_set_pref_value -category {Globals} -key {use_mhpi_lookup} -value {true}
gui_update_design -all
gui_update_design -all
gui_save_session -reload -default_file
gui_set_pref_value -category {Globals} -key {use_mhpi_lookup} -value {false}
gui_set_pref_value -category {Globals} -key {use_mhpi_lookup} -value {true}
gui_update_design -all
gui_update_design -all
gui_update_design -all
gui_update_design -all
gui_update_design -all
gui_update_design -all
gui_update_design -all
gui_update_design -all
gui_marker_move -id  Wave.1 C1 38333313554
gui_update_design -all
gui_marker_move -id  Wave.1 C1 69031129692
gui_update_design -all
gui_update_design -all
gui_marker_move -id  Wave.1 C1 28360418971
gui_list_select -id Wave.1 -selected  {  }
gui_update_design -all
gui_marker_move -id  Wave.1 C1 61551458755
gui_list_select -id Wave.1 -selected  { counter_testbench.clock   }
gui_marker_move -id  Wave.1 C1 57188317200
gui_marker_move -id  Wave.1 C1 70901047427
gui_marker_move -id  Wave.1 C1 65291294224
gui_marker_move -id  Wave.1 C1 64200508879
gui_save_session -reload -default_file
gui_set_pref_value -category {Globals} -key {use_mhpi_lookup} -value {false}
gui_set_pref_value -category {Globals} -key {use_mhpi_lookup} -value {true}
gui_zoom -window Wave.1 -factor 2
gui_zoom -window Wave.1 -factor 2
gui_zoom -window Wave.1 -factor 2
gui_zoom -window Wave.1 -factor 2
gui_zoom -window Wave.1 -factor 2
gui_zoom -window Wave.1 -factor 2
gui_zoom -window Wave.1 -factor 2
gui_zoom -window Wave.1 -factor 2
gui_zoom -window Wave.1 -factor 2
gui_zoom -window Wave.1 -factor 2
gui_zoom -window Wave.1 -factor 2
gui_zoom -window Wave.1 -factor 2
gui_zoom -window Wave.1 -factor 2
gui_zoom -window Wave.1 -factor 2
gui_zoom -window Wave.1 -factor 2
gui_zoom -window Wave.1 -factor 2
gui_zoom -window Wave.1 -factor 2
gui_zoom -window Wave.1 -factor 2
gui_zoom -window Wave.1 -factor 2
gui_zoom -window Wave.1 -factor 2
gui_zoom -window Wave.1 -factor 2
gui_zoom -window Wave.1 -factor 2
gui_zoom -window Wave.1 -factor 2
gui_zoom -window Wave.1 -factor 2
gui_zoom -window Wave.1 -factor 2
gui_zoom -window Wave.1 -factor 2
gui_zoom -window Wave.1 -factor 2
gui_zoom -window Wave.1 -factor 2
gui_zoom -window Wave.1 -factor 2
gui_zoom -window Wave.1 -factor 2
gui_zoom -window Wave.1 -factor 2
gui_zoom -window Wave.1 -factor 2
gui_zoom -window Wave.1 -factor 2
gui_zoom -window Wave.1 -factor 2
gui_wv_scroll_hslidermove -id  Wave.1 2147320774
gui_zoom -window Wave.1 -factor 2
gui_zoom -window Wave.1 -factor 2
gui_zoom -window Wave.1 -factor 2
gui_zoom -window Wave.1 -factor 2
gui_zoom -window Wave.1 -factor 2
gui_zoom -window Wave.1 -factor 2
gui_zoom -window Wave.1 -factor 2
gui_zoom -window Wave.1 -factor 2
gui_zoom -window Wave.1 -factor 2
gui_zoom -window Wave.1 -factor 2
gui_zoom -window Wave.1 -factor 2
gui_zoom -window Wave.1 -factor 2
gui_zoom -window Wave.1 -factor 2
gui_zoom -window Wave.1 -factor 2
gui_zoom -window Wave.1 -factor 2
gui_zoom -window Wave.1 -factor 2
gui_zoom -window Wave.1 -factor 2
gui_zoom -window Wave.1 -factor 2
gui_zoom -window Wave.1 -factor 2
gui_zoom -window Wave.1 -factor 2
gui_zoom -window Wave.1 -factor 2
gui_zoom -window Wave.1 -factor 2
gui_zoom -window Wave.1 -factor 2
gui_zoom -window Wave.1 -factor 2
gui_zoom -window Wave.1 -factor 2
gui_zoom -window Wave.1 -factor 2
gui_zoom -window Wave.1 -factor 2
gui_zoom -window Wave.1 -factor 2
gui_zoom -window Wave.1 -factor 2
gui_zoom -window Wave.1 -factor 2
gui_zoom -window Wave.1 -factor 2
gui_zoom -window Wave.1 -factor 2
gui_zoom -window Wave.1 -factor 2
gui_zoom -window Wave.1 -factor 2
gui_zoom -window Wave.1 -factor 2
gui_zoom -window Wave.1 -factor 2
gui_zoom -window Wave.1 -factor 2
gui_zoom -window Wave.1 -factor 2
gui_zoom -window Wave.1 -factor 2
gui_zoom -window Wave.1 -factor 2
gui_wv_scroll_hslidermove -id  Wave.1 0
gui_zoom -window Wave.1 -factor 0.5
gui_zoom -window Wave.1 -factor 0.5
gui_zoom -window Wave.1 -factor 0.5
gui_zoom -window Wave.1 -factor 0.5
gui_zoom -window Wave.1 -factor 0.5
gui_zoom -window Wave.1 -factor 0.5
gui_zoom -window Wave.1 -factor 0.5
gui_zoom -window Wave.1 -factor 0.5
gui_zoom -window Wave.1 -factor 0.5
gui_zoom -window Wave.1 -factor 0.5
gui_zoom -window Wave.1 -factor 0.5
gui_zoom -window Wave.1 -factor 0.5
gui_zoom -window Wave.1 -factor 0.5
gui_zoom -window Wave.1 -factor 0.5
gui_zoom -window Wave.1 -factor 0.5
gui_zoom -window Wave.1 -factor 0.5
gui_zoom -window Wave.1 -factor 0.5
gui_zoom -window Wave.1 -factor 0.5
gui_zoom -window Wave.1 -factor 0.5
gui_zoom -window Wave.1 -factor 0.5
gui_zoom -window Wave.1 -factor 0.5
gui_zoom -window Wave.1 -factor 0.5
gui_zoom -window Wave.1 -factor 0.5
gui_zoom -window Wave.1 -factor 0.5
gui_zoom -window Wave.1 -factor 0.5
gui_zoom -window Wave.1 -factor 0.5
gui_zoom -window Wave.1 -factor 0.5
gui_zoom -window Wave.1 -factor 0.5
gui_list_select -id Hier.1 -current_item_name counter_testbench -current_item_type Scope  -selected  { counter_testbench   }
gui_list_select -id Hier.1 -current_item_name counter_testbench -current_item_type Scope  -selected  {  }
gui_list_expand -id  Hier.1   counter_testbench
gui_list_select -id Hier.1 -current_item_name counter_testbench.ctr -current_item_type Scope  -selected  { counter_testbench.ctr   }
gui_list_select -id Data.1 -selected  { {counter_testbench.ctr.net[26:0]}   }
gui_data_toggle_value_annotate -id  Data.1   {counter_testbench.ctr.net[26:0]}
gui_list_add -id Wave.1 -from Data.1 { {counter_testbench.ctr.net[26:0]} } -insertionbar
gui_list_select -id Wave.1 -selected  { {counter_testbench.ctr.net[26:0]}   }
gui_list_set_selected_property -id Wave.1 -radix decimal
gui_marker_move -id  Wave.1 C1 99998800
gui_zoom -window Wave.1 -factor 2
gui_zoom -window Wave.1 -factor 2
gui_zoom -window Wave.1 -factor 2
gui_zoom -window Wave.1 -factor 2
gui_zoom -window Wave.1 -factor 2
gui_zoom -window Wave.1 -factor 2
gui_zoom -window Wave.1 -factor 2
gui_zoom -window Wave.1 -factor 2
gui_zoom -window Wave.1 -factor 2
gui_zoom -window Wave.1 -factor 2
gui_zoom -window Wave.1 -factor 2
gui_zoom -window Wave.1 -factor 2
gui_zoom -window Wave.1 -factor 2
gui_zoom -window Wave.1 -factor 2
gui_zoom -window Wave.1 -factor 2
gui_marker_move -id  Wave.1 C1 99999773
gui_zoom -window Wave.1 -factor 0.5
gui_zoom -window Wave.1 -factor 0.5
gui_zoom -window Wave.1 -factor 0.5
gui_zoom -window Wave.1 -factor 0.5
gui_zoom -window Wave.1 -factor 0.5
gui_zoom -window Wave.1 -factor 0.5
gui_zoom -window Wave.1 -factor 0.5
gui_update_design -all
gui_save_session -reload -default_file
gui_set_pref_value -category {Globals} -key {use_mhpi_lookup} -value {false}
gui_set_pref_value -category {Globals} -key {use_mhpi_lookup} -value {true}
gui_zoom -window Wave.1 -factor 0.5
gui_zoom -window Wave.1 -factor 0.5
gui_zoom -window Wave.1 -factor 0.5
gui_zoom -window Wave.1 -factor 0.5
gui_zoom -window Wave.1 -factor 0.5
gui_zoom -window Wave.1 -factor 0.5
gui_zoom -window Wave.1 -factor 0.5
gui_zoom -window Wave.1 -factor 0.5
gui_zoom -window Wave.1 -factor 0.5
gui_marker_move -id  Wave.1 C1 130261197
gui_update_design -all
gui_update_design -all
gui_marker_move -id  Wave.1 C1 183826548
gui_marker_move -id  Wave.1 C1 185043943
gui_marker_move -id  Wave.1 C1 222783168
gui_marker_move -id  Wave.1 C1 241044083
gui_marker_move -id  Wave.1 C1 214261407
gui_update_design -all
gui_marker_move -id  Wave.1 C1 202696161
gui_marker_move -id  Wave.1 C1 269652851
gui_save_session -reload -default_file
gui_set_pref_value -category {Globals} -key {use_mhpi_lookup} -value {false}
gui_set_pref_value -category {Globals} -key {use_mhpi_lookup} -value {true}
gui_marker_move -id  Wave.1 C1 328087780
gui_save_session -reload -default_file
gui_set_pref_value -category {Globals} -key {use_mhpi_lookup} -value {false}
gui_set_pref_value -category {Globals} -key {use_mhpi_lookup} -value {true}
gui_marker_move -id  Wave.1 C1 236783203
gui_marker_move -id  Wave.1 C1 274522428
#Dve crash log 
#Encountered Illegal Interrupt SIGXFSZ on Wed Sep 8 21:44:34 2021
#Version: P-2019.06_Full64
#Platform: Linux x86_64
#Data of Built: May 31 2019 21:06:56
